[20-Oct-2017 00:59:17 UTC] PHP Warning:  mysqli::mysqli(): (HY000/1044): Access denied for user 'bbf7de8df9454c'@'%' to database 'heroku_3bdf6ad31089f8c' in /home/ubuntu/workspace/Lab5/lab5.php on line 17
[20-Oct-2017 00:59:17 UTC] PHP Stack trace:
[20-Oct-2017 00:59:17 UTC] PHP   1. {main}() /home/ubuntu/workspace/Lab5/lab5.php:0
[20-Oct-2017 00:59:17 UTC] PHP   2. mysqli->mysqli() /home/ubuntu/workspace/Lab5/lab5.php:17
[20-Oct-2017 01:29:03 UTC] PHP Warning:  mysqli_query() expects parameter 1 to be mysqli, null given in /home/ubuntu/workspace/Lab5/lab5.php on line 38
[20-Oct-2017 01:29:03 UTC] PHP Stack trace:
[20-Oct-2017 01:29:03 UTC] PHP   1. {main}() /home/ubuntu/workspace/Lab5/lab5.php:0
[20-Oct-2017 01:29:03 UTC] PHP   2. displayDevices() /home/ubuntu/workspace/Lab5/lab5.php:178
[20-Oct-2017 01:29:03 UTC] PHP   3. mysqli_query() /home/ubuntu/workspace/Lab5/lab5.php:38
[20-Oct-2017 01:29:03 UTC] PHP Warning:  mysqli_fetch_array() expects parameter 1 to be mysqli_result, null given in /home/ubuntu/workspace/Lab5/lab5.php on line 39
[20-Oct-2017 01:29:03 UTC] PHP Stack trace:
[20-Oct-2017 01:29:03 UTC] PHP   1. {main}() /home/ubuntu/workspace/Lab5/lab5.php:0
[20-Oct-2017 01:29:03 UTC] PHP   2. displayDevices() /home/ubuntu/workspace/Lab5/lab5.php:178
[20-Oct-2017 01:29:03 UTC] PHP   3. mysqli_fetch_array() /home/ubuntu/workspace/Lab5/lab5.php:39
[20-Oct-2017 01:29:03 UTC] PHP Warning:  mysqli_fetch_array() expects parameter 1 to be mysqli_result, null given in /home/ubuntu/workspace/Lab5/lab5.php on line 50
[20-Oct-2017 01:29:03 UTC] PHP Stack trace:
[20-Oct-2017 01:29:03 UTC] PHP   1. {main}() /home/ubuntu/workspace/Lab5/lab5.php:0
[20-Oct-2017 01:29:03 UTC] PHP   2. displayDevices() /home/ubuntu/workspace/Lab5/lab5.php:178
[20-Oct-2017 01:29:03 UTC] PHP   3. mysqli_fetch_array() /home/ubuntu/workspace/Lab5/lab5.php:50
[20-Oct-2017 03:58:48 UTC] PHP Fatal error:  Undefined class constant 'ATR_ERRORMODE' in /home/ubuntu/workspace/Lab5/database.php on line 9
[20-Oct-2017 03:58:48 UTC] PHP Stack trace:
[20-Oct-2017 03:58:48 UTC] PHP   1. {main}() /home/ubuntu/workspace/Lab5/index2.php:0
[20-Oct-2017 03:58:48 UTC] PHP   2. getDatabaseConnection() /home/ubuntu/workspace/Lab5/index2.php:5
[20-Oct-2017 04:00:13 UTC] PHP Fatal error:  Undefined class constant 'ATR_ERRMODE' in /home/ubuntu/workspace/Lab5/database.php on line 9
[20-Oct-2017 04:00:13 UTC] PHP Stack trace:
[20-Oct-2017 04:00:13 UTC] PHP   1. {main}() /home/ubuntu/workspace/Lab5/index2.php:0
[20-Oct-2017 04:00:13 UTC] PHP   2. getDatabaseConnection() /home/ubuntu/workspace/Lab5/index2.php:5
[20-Oct-2017 04:00:29 UTC] PHP Fatal error:  Uncaught exception 'PDOException' with message 'SQLSTATE[42000]: Syntax error or access violation: 1064 You have an error in your SQL syntax; check the manual that corresponds to your MySQL server version for the right syntax to use near 'sql' at line 1' in /home/ubuntu/workspace/Lab5/index2.php:12
Stack trace:
#0 /home/ubuntu/workspace/Lab5/index2.php(12): PDOStatement->execute()
#1 {main}
  thrown in /home/ubuntu/workspace/Lab5/index2.php on line 12
[20-Oct-2017 04:13:22 UTC] PHP Fatal error:  Uncaught exception 'PDOException' with message 'SQLSTATE[42000]: Syntax error or access violation: 1064 You have an error in your SQL syntax; check the manual that corresponds to your MySQL server version for the right syntax to use near 'AND deviceName LIKE '%VGA%' AND deviceType = 'laptop' AND status = 'checked out'' at line 1' in /home/ubuntu/workspace/Lab5/index2.php:53
Stack trace:
#0 /home/ubuntu/workspace/Lab5/index2.php(53): PDOStatement->execute()
#1 /home/ubuntu/workspace/Lab5/index2.php(97): displayDeviceList()
#2 {main}
  thrown in /home/ubuntu/workspace/Lab5/index2.php on line 53
[20-Oct-2017 04:15:21 UTC] PHP Fatal error:  Uncaught exception 'PDOException' with message 'SQLSTATE[42000]: Syntax error or access violation: 1064 You have an error in your SQL syntax; check the manual that corresponds to your MySQL server version for the right syntax to use near 'AND deviceName like '%VGA%' AND deviceType = 'laptop' AND status = 'checked out'' at line 1' in /home/ubuntu/workspace/Lab5/index2.php:53
Stack trace:
#0 /home/ubuntu/workspace/Lab5/index2.php(53): PDOStatement->execute()
#1 /home/ubuntu/workspace/Lab5/index2.php(97): displayDeviceList()
#2 {main}
  thrown in /home/ubuntu/workspace/Lab5/index2.php on line 53
[20-Oct-2017 04:15:45 UTC] PHP Fatal error:  Uncaught exception 'PDOException' with message 'SQLSTATE[42000]: Syntax error or access violation: 1064 You have an error in your SQL syntax; check the manual that corresponds to your MySQL server version for the right syntax to use near 'AND deviceName like '%VGA%' AND deviceType = 'laptop' AND status = checked out'' at line 1' in /home/ubuntu/workspace/Lab5/index2.php:53
Stack trace:
#0 /home/ubuntu/workspace/Lab5/index2.php(53): PDOStatement->execute()
#1 /home/ubuntu/workspace/Lab5/index2.php(97): displayDeviceList()
#2 {main}
  thrown in /home/ubuntu/workspace/Lab5/index2.php on line 53
[20-Oct-2017 04:16:42 UTC] PHP Fatal error:  Uncaught exception 'PDOException' with message 'SQLSTATE[42000]: Syntax error or access violation: 1064 You have an error in your SQL syntax; check the manual that corresponds to your MySQL server version for the right syntax to use near 'AND deviceName like '%VGA%' AND deviceType = 'laptop' AND status = 'checked out'' at line 1' in /home/ubuntu/workspace/Lab5/index2.php:53
Stack trace:
#0 /home/ubuntu/workspace/Lab5/index2.php(53): PDOStatement->execute()
#1 /home/ubuntu/workspace/Lab5/index2.php(97): displayDeviceList()
#2 {main}
  thrown in /home/ubuntu/workspace/Lab5/index2.php on line 53
[20-Oct-2017 04:17:42 UTC] PHP Fatal error:  Uncaught exception 'PDOException' with message 'SQLSTATE[42000]: Syntax error or access violation: 1064 You have an error in your SQL syntax; check the manual that corresponds to your MySQL server version for the right syntax to use near 'AND deviceName like '%VGA%' AND deviceType = 'laptop' AND status = 'checked out'' at line 1' in /home/ubuntu/workspace/Lab5/index2.php:53
Stack trace:
#0 /home/ubuntu/workspace/Lab5/index2.php(53): PDOStatement->execute()
#1 /home/ubuntu/workspace/Lab5/index2.php(97): displayDeviceList()
#2 {main}
  thrown in /home/ubuntu/workspace/Lab5/index2.php on line 53
[20-Oct-2017 04:18:29 UTC] PHP Fatal error:  Uncaught exception 'PDOException' with message 'SQLSTATE[42000]: Syntax error or access violation: 1064 You have an error in your SQL syntax; check the manual that corresponds to your MySQL server version for the right syntax to use near 'AND deviceName like '%VGA%' AND deviceType = 'laptop' AND status = 'checked out'' at line 1' in /home/ubuntu/workspace/Lab5/index2.php:54
Stack trace:
#0 /home/ubuntu/workspace/Lab5/index2.php(54): PDOStatement->execute()
#1 /home/ubuntu/workspace/Lab5/index2.php(98): displayDeviceList()
#2 {main}
  thrown in /home/ubuntu/workspace/Lab5/index2.php on line 54
[20-Oct-2017 04:18:57 UTC] PHP Fatal error:  Uncaught exception 'PDOException' with message 'SQLSTATE[42000]: Syntax error or access violation: 1064 You have an error in your SQL syntax; check the manual that corresponds to your MySQL server version for the right syntax to use near 'AND deviceName like '%VGA%' AND deviceType = 'laptop' AND status = 'checked out'' at line 1' in /home/ubuntu/workspace/Lab5/index2.php:54
Stack trace:
#0 /home/ubuntu/workspace/Lab5/index2.php(54): PDOStatement->execute()
#1 /home/ubuntu/workspace/Lab5/index2.php(98): displayDeviceList()
#2 {main}
  thrown in /home/ubuntu/workspace/Lab5/index2.php on line 54
[20-Oct-2017 04:19:16 UTC] PHP Fatal error:  Uncaught exception 'PDOException' with message 'SQLSTATE[42000]: Syntax error or access violation: 1064 You have an error in your SQL syntax; check the manual that corresponds to your MySQL server version for the right syntax to use near 'AND deviceName like '%VGA%' AND deviceType = 'laptop' AND status = ''checked out' at line 1' in /home/ubuntu/workspace/Lab5/index2.php:54
Stack trace:
#0 /home/ubuntu/workspace/Lab5/index2.php(54): PDOStatement->execute()
#1 /home/ubuntu/workspace/Lab5/index2.php(98): displayDeviceList()
#2 {main}
  thrown in /home/ubuntu/workspace/Lab5/index2.php on line 54
[20-Oct-2017 04:19:54 UTC] PHP Fatal error:  Uncaught exception 'PDOException' with message 'SQLSTATE[42000]: Syntax error or access violation: 1064 You have an error in your SQL syntax; check the manual that corresponds to your MySQL server version for the right syntax to use near 'AND deviceName like '%VGA%' AND deviceType = 'laptop' AND status = 'checked out'' at line 1' in /home/ubuntu/workspace/Lab5/index2.php:54
Stack trace:
#0 /home/ubuntu/workspace/Lab5/index2.php(54): PDOStatement->execute()
#1 /home/ubuntu/workspace/Lab5/index2.php(98): displayDeviceList()
#2 {main}
  thrown in /home/ubuntu/workspace/Lab5/index2.php on line 54
[20-Oct-2017 04:26:31 UTC] PHP Fatal error:  Uncaught exception 'PDOException' with message 'SQLSTATE[42000]: Syntax error or access violation: 1064 You have an error in your SQL syntax; check the manual that corresponds to your MySQL server version for the right syntax to use near '%'VGA'% AND deviceType = 'laptop' AND status = 'available'' at line 1' in /home/ubuntu/workspace/Lab5/index2.php:51
Stack trace:
#0 /home/ubuntu/workspace/Lab5/index2.php(51): PDOStatement->execute()
#1 /home/ubuntu/workspace/Lab5/index2.php(95): displayDeviceList()
#2 {main}
  thrown in /home/ubuntu/workspace/Lab5/index2.php on line 51
[05-Nov-2017 02:17:37 UTC] PHP Fatal error:  Uncaught exception 'PDOException' with message 'SQLSTATE[HY000] [1045] Access denied for user 'root'@'localhost' (using password: YES)' in /home/ubuntu/workspace/Lab6/database.php:21
Stack trace:
#0 /home/ubuntu/workspace/Lab6/database.php(21): PDO->__construct('mysql:host=loca...', 'root', 'cst336')
#1 /home/ubuntu/workspace/Lab6/index.php(9): getDatabaseConnection()
#2 /home/ubuntu/workspace/Lab6/index.php(67): loginProcess()
#3 {main}
  thrown in /home/ubuntu/workspace/Lab6/database.php on line 21
[05-Nov-2017 02:17:48 UTC] PHP Fatal error:  Uncaught exception 'PDOException' with message 'SQLSTATE[HY000] [1045] Access denied for user 'root'@'localhost' (using password: YES)' in /home/ubuntu/workspace/Lab6/database.php:21
Stack trace:
#0 /home/ubuntu/workspace/Lab6/database.php(21): PDO->__construct('mysql:host=loca...', 'root', 'cst336')
#1 /home/ubuntu/workspace/Lab6/index.php(9): getDatabaseConnection()
#2 /home/ubuntu/workspace/Lab6/index.php(67): loginProcess()
#3 {main}
  thrown in /home/ubuntu/workspace/Lab6/database.php on line 21
[05-Nov-2017 02:18:01 UTC] PHP Fatal error:  Uncaught exception 'PDOException' with message 'SQLSTATE[HY000] [1045] Access denied for user 'root'@'localhost' (using password: YES)' in /home/ubuntu/workspace/Lab6/database.php:21
Stack trace:
#0 /home/ubuntu/workspace/Lab6/database.php(21): PDO->__construct('mysql:host=loca...', 'root', 'cst336')
#1 /home/ubuntu/workspace/Lab6/index.php(9): getDatabaseConnection()
#2 /home/ubuntu/workspace/Lab6/index.php(67): loginProcess()
#3 {main}
  thrown in /home/ubuntu/workspace/Lab6/database.php on line 21
[05-Nov-2017 02:18:27 UTC] PHP Fatal error:  Uncaught exception 'PDOException' with message 'SQLSTATE[HY000] [1045] Access denied for user 'root'@'localhost' (using password: YES)' in /home/ubuntu/workspace/Lab6/database.php:21
Stack trace:
#0 /home/ubuntu/workspace/Lab6/database.php(21): PDO->__construct('mysql:host=loca...', 'root', 'cst336')
#1 /home/ubuntu/workspace/Lab6/index.php(9): getDatabaseConnection()
#2 /home/ubuntu/workspace/Lab6/index.php(67): loginProcess()
#3 {main}
  thrown in /home/ubuntu/workspace/Lab6/database.php on line 21
[05-Nov-2017 02:19:10 UTC] PHP Fatal error:  Uncaught exception 'PDOException' with message 'SQLSTATE[HY000] [1045] Access denied for user 'root'@'localhost' (using password: YES)' in /home/ubuntu/workspace/Lab6/database.php:21
Stack trace:
#0 /home/ubuntu/workspace/Lab6/database.php(21): PDO->__construct('mysql:host=loca...', 'root', 'cst336')
#1 /home/ubuntu/workspace/Lab6/index.php(9): getDatabaseConnection()
#2 /home/ubuntu/workspace/Lab6/index.php(67): loginProcess()
#3 {main}
  thrown in /home/ubuntu/workspace/Lab6/database.php on line 21
[05-Nov-2017 02:21:40 UTC] PHP Fatal error:  Uncaught exception 'PDOException' with message 'SQLSTATE[HY000] [1045] Access denied for user 'root'@'localhost' (using password: YES)' in /home/ubuntu/workspace/Lab6/database.php:21
Stack trace:
#0 /home/ubuntu/workspace/Lab6/database.php(21): PDO->__construct('mysql:host=loca...', 'root', 'cst336')
#1 /home/ubuntu/workspace/Lab6/index.php(9): getDatabaseConnection()
#2 /home/ubuntu/workspace/Lab6/index.php(67): loginProcess()
#3 {main}
  thrown in /home/ubuntu/workspace/Lab6/database.php on line 21
[05-Nov-2017 02:21:48 UTC] PHP Fatal error:  Uncaught exception 'PDOException' with message 'SQLSTATE[HY000] [1045] Access denied for user 'root'@'localhost' (using password: YES)' in /home/ubuntu/workspace/Lab6/database.php:21
Stack trace:
#0 /home/ubuntu/workspace/Lab6/database.php(21): PDO->__construct('mysql:host=loca...', 'root', 'cst336')
#1 /home/ubuntu/workspace/Lab6/index.php(9): getDatabaseConnection()
#2 /home/ubuntu/workspace/Lab6/index.php(67): loginProcess()
#3 {main}
  thrown in /home/ubuntu/workspace/Lab6/database.php on line 21
[05-Nov-2017 02:25:04 UTC] PHP Fatal error:  Uncaught exception 'PDOException' with message 'SQLSTATE[HY000] [1045] Access denied for user 'root'@'localhost' (using password: YES)' in /home/ubuntu/workspace/Lab6/database.php:21
Stack trace:
#0 /home/ubuntu/workspace/Lab6/database.php(21): PDO->__construct('mysql:host=loca...', 'root', 'cst336')
#1 /home/ubuntu/workspace/Lab6/index.php(9): getDatabaseConnection()
#2 /home/ubuntu/workspace/Lab6/index.php(67): loginProcess()
#3 {main}
  thrown in /home/ubuntu/workspace/Lab6/database.php on line 21
[05-Nov-2017 02:25:12 UTC] PHP Fatal error:  Uncaught exception 'PDOException' with message 'SQLSTATE[HY000] [1045] Access denied for user 'root'@'localhost' (using password: YES)' in /home/ubuntu/workspace/Lab6/database.php:21
Stack trace:
#0 /home/ubuntu/workspace/Lab6/database.php(21): PDO->__construct('mysql:host=loca...', 'root', 'cst336')
#1 /home/ubuntu/workspace/Lab6/index.php(9): getDatabaseConnection()
#2 /home/ubuntu/workspace/Lab6/index.php(67): loginProcess()
#3 {main}
  thrown in /home/ubuntu/workspace/Lab6/database.php on line 21
[05-Nov-2017 02:25:19 UTC] PHP Fatal error:  Uncaught exception 'PDOException' with message 'SQLSTATE[HY000] [1045] Access denied for user 'root'@'localhost' (using password: YES)' in /home/ubuntu/workspace/Lab6/database.php:21
Stack trace:
#0 /home/ubuntu/workspace/Lab6/database.php(21): PDO->__construct('mysql:host=loca...', 'root', 'cst336')
#1 /home/ubuntu/workspace/Lab6/index.php(9): getDatabaseConnection()
#2 /home/ubuntu/workspace/Lab6/index.php(67): loginProcess()
#3 {main}
  thrown in /home/ubuntu/workspace/Lab6/database.php on line 21
[05-Nov-2017 02:26:07 UTC] PHP Fatal error:  Uncaught exception 'PDOException' with message 'SQLSTATE[HY000] [1045] Access denied for user 'root'@'localhost' (using password: YES)' in /home/ubuntu/workspace/Lab6/database.php:21
Stack trace:
#0 /home/ubuntu/workspace/Lab6/database.php(21): PDO->__construct('mysql:host=loca...', 'root', 'cst336')
#1 /home/ubuntu/workspace/Lab6/index.php(9): getDatabaseConnection()
#2 /home/ubuntu/workspace/Lab6/index.php(67): loginProcess()
#3 {main}
  thrown in /home/ubuntu/workspace/Lab6/database.php on line 21
[05-Nov-2017 02:27:26 UTC] PHP Fatal error:  Uncaught exception 'PDOException' with message 'SQLSTATE[HY000] [1045] Access denied for user 'root'@'localhost' (using password: YES)' in /home/ubuntu/workspace/Lab6/database.php:21
Stack trace:
#0 /home/ubuntu/workspace/Lab6/database.php(21): PDO->__construct('mysql:host=loca...', 'root', 'cst336')
#1 /home/ubuntu/workspace/Lab6/index.php(9): getDatabaseConnection()
#2 /home/ubuntu/workspace/Lab6/index.php(67): loginProcess()
#3 {main}
  thrown in /home/ubuntu/workspace/Lab6/database.php on line 21
[05-Nov-2017 02:27:32 UTC] PHP Fatal error:  Uncaught exception 'PDOException' with message 'SQLSTATE[HY000] [1045] Access denied for user 'root'@'localhost' (using password: YES)' in /home/ubuntu/workspace/Lab6/database.php:21
Stack trace:
#0 /home/ubuntu/workspace/Lab6/database.php(21): PDO->__construct('mysql:host=loca...', 'root', 'cst336')
#1 /home/ubuntu/workspace/Lab6/index.php(9): getDatabaseConnection()
#2 /home/ubuntu/workspace/Lab6/index.php(67): loginProcess()
#3 {main}
  thrown in /home/ubuntu/workspace/Lab6/database.php on line 21
[05-Nov-2017 02:28:09 UTC] PHP Fatal error:  Uncaught exception 'PDOException' with message 'SQLSTATE[HY000] [1045] Access denied for user 'root'@'localhost' (using password: YES)' in /home/ubuntu/workspace/Lab6/database.php:21
Stack trace:
#0 /home/ubuntu/workspace/Lab6/database.php(21): PDO->__construct('mysql:host=loca...', 'root', 'cst336')
#1 /home/ubuntu/workspace/Lab6/index.php(9): getDatabaseConnection()
#2 /home/ubuntu/workspace/Lab6/index.php(67): loginProcess()
#3 {main}
  thrown in /home/ubuntu/workspace/Lab6/database.php on line 21
[05-Nov-2017 02:28:20 UTC] PHP Fatal error:  Uncaught exception 'PDOException' with message 'SQLSTATE[HY000] [1045] Access denied for user 'root'@'localhost' (using password: YES)' in /home/ubuntu/workspace/Lab6/database.php:21
Stack trace:
#0 /home/ubuntu/workspace/Lab6/database.php(21): PDO->__construct('mysql:host=loca...', 'root', 'cst336')
#1 /home/ubuntu/workspace/Lab6/index.php(9): getDatabaseConnection()
#2 /home/ubuntu/workspace/Lab6/index.php(67): loginProcess()
#3 {main}
  thrown in /home/ubuntu/workspace/Lab6/database.php on line 21
[05-Nov-2017 02:31:10 UTC] PHP Fatal error:  Uncaught exception 'PDOException' with message 'SQLSTATE[HY000] [1045] Access denied for user 'root'@'localhost' (using password: YES)' in /home/ubuntu/workspace/Lab6/database.php:21
Stack trace:
#0 /home/ubuntu/workspace/Lab6/database.php(21): PDO->__construct('mysql:host=loca...', 'root', 'cst336')
#1 /home/ubuntu/workspace/Lab6/index.php(9): getDatabaseConnection()
#2 /home/ubuntu/workspace/Lab6/index.php(67): loginProcess()
#3 {main}
  thrown in /home/ubuntu/workspace/Lab6/database.php on line 21
[05-Nov-2017 02:31:16 UTC] PHP Fatal error:  Uncaught exception 'PDOException' with message 'SQLSTATE[HY000] [1045] Access denied for user 'root'@'localhost' (using password: YES)' in /home/ubuntu/workspace/Lab6/database.php:21
Stack trace:
#0 /home/ubuntu/workspace/Lab6/database.php(21): PDO->__construct('mysql:host=loca...', 'root', 'cst336')
#1 /home/ubuntu/workspace/Lab6/index.php(9): getDatabaseConnection()
#2 /home/ubuntu/workspace/Lab6/index.php(67): loginProcess()
#3 {main}
  thrown in /home/ubuntu/workspace/Lab6/database.php on line 21
[05-Nov-2017 02:31:36 UTC] PHP Fatal error:  Uncaught exception 'PDOException' with message 'SQLSTATE[HY000] [1045] Access denied for user 'root'@'ip-10-171-194-27.ec2.internal' (using password: YES)' in /home/ubuntu/workspace/Lab6/database.php:21
Stack trace:
#0 /home/ubuntu/workspace/Lab6/database.php(21): PDO->__construct('mysql:host=us-c...', 'root', 'cst336')
#1 /home/ubuntu/workspace/Lab6/index.php(9): getDatabaseConnection()
#2 /home/ubuntu/workspace/Lab6/index.php(67): loginProcess()
#3 {main}
  thrown in /home/ubuntu/workspace/Lab6/database.php on line 21
[05-Nov-2017 02:31:50 UTC] PHP Fatal error:  Uncaught exception 'PDOException' with message 'SQLSTATE[HY000] [1045] Access denied for user 'root'@'ip-10-44-181-66.ec2.internal' (using password: YES)' in /home/ubuntu/workspace/Lab6/database.php:21
Stack trace:
#0 /home/ubuntu/workspace/Lab6/database.php(21): PDO->__construct('mysql:host=us-c...', 'root', 'cst336')
#1 /home/ubuntu/workspace/Lab6/index.php(9): getDatabaseConnection()
#2 /home/ubuntu/workspace/Lab6/index.php(67): loginProcess()
#3 {main}
  thrown in /home/ubuntu/workspace/Lab6/database.php on line 21
[05-Nov-2017 02:33:37 UTC] PHP Fatal error:  Uncaught exception 'PDOException' with message 'SQLSTATE[HY000] [1045] Access denied for user 'root'@'ip-10-44-181-66.ec2.internal' (using password: YES)' in /home/ubuntu/workspace/Lab6/database.php:21
Stack trace:
#0 /home/ubuntu/workspace/Lab6/database.php(21): PDO->__construct('mysql:host=us-c...', 'root', 'cst336')
#1 /home/ubuntu/workspace/Lab6/index.php(9): getDatabaseConnection()
#2 /home/ubuntu/workspace/Lab6/index.php(67): loginProcess()
#3 {main}
  thrown in /home/ubuntu/workspace/Lab6/database.php on line 21
[05-Nov-2017 02:33:38 UTC] PHP Fatal error:  Uncaught exception 'PDOException' with message 'SQLSTATE[HY000] [1045] Access denied for user 'root'@'ip-10-171-194-27.ec2.internal' (using password: YES)' in /home/ubuntu/workspace/Lab6/database.php:21
Stack trace:
#0 /home/ubuntu/workspace/Lab6/database.php(21): PDO->__construct('mysql:host=us-c...', 'root', 'cst336')
#1 /home/ubuntu/workspace/Lab6/index.php(9): getDatabaseConnection()
#2 /home/ubuntu/workspace/Lab6/index.php(67): loginProcess()
#3 {main}
  thrown in /home/ubuntu/workspace/Lab6/database.php on line 21
[05-Nov-2017 02:38:05 UTC] PHP Fatal error:  Uncaught exception 'PDOException' with message 'SQLSTATE[HY000] [1045] Access denied for user 'root'@'ip-10-171-194-27.ec2.internal' (using password: YES)' in /home/ubuntu/workspace/Lab6/database.php:21
Stack trace:
#0 /home/ubuntu/workspace/Lab6/database.php(21): PDO->__construct('mysql:host=us-c...', 'root', 'cst336')
#1 /home/ubuntu/workspace/Lab6/index.php(9): getDatabaseConnection()
#2 /home/ubuntu/workspace/Lab6/index.php(67): loginProcess()
#3 {main}
  thrown in /home/ubuntu/workspace/Lab6/database.php on line 21
[05-Nov-2017 02:38:26 UTC] PHP Fatal error:  Uncaught exception 'PDOException' with message 'SQLSTATE[HY000] [1045] Access denied for user 'root'@'ip-10-44-181-66.ec2.internal' (using password: YES)' in /home/ubuntu/workspace/Lab6/database.php:21
Stack trace:
#0 /home/ubuntu/workspace/Lab6/database.php(21): PDO->__construct('mysql:host=us-c...', 'root', 'cst336')
#1 /home/ubuntu/workspace/Lab6/index.php(9): getDatabaseConnection()
#2 /home/ubuntu/workspace/Lab6/index.php(67): loginProcess()
#3 {main}
  thrown in /home/ubuntu/workspace/Lab6/database.php on line 21
[05-Nov-2017 02:41:26 UTC] PHP Fatal error:  Uncaught exception 'PDOException' with message 'SQLSTATE[HY000] [1045] Access denied for user 'root'@'ip-10-171-194-27.ec2.internal' (using password: YES)' in /home/ubuntu/workspace/Lab6/database.php:21
Stack trace:
#0 /home/ubuntu/workspace/Lab6/database.php(21): PDO->__construct('mysql:host=us-c...', 'root', 'cst336')
#1 /home/ubuntu/workspace/Lab6/admin.php(10): getDatabaseConnection()
#2 /home/ubuntu/workspace/Lab6/admin.php(63): userList()
#3 {main}
  thrown in /home/ubuntu/workspace/Lab6/database.php on line 21
[05-Nov-2017 02:41:35 UTC] PHP Fatal error:  Uncaught exception 'PDOException' with message 'SQLSTATE[HY000] [1045] Access denied for user 'root'@'ip-10-44-181-66.ec2.internal' (using password: YES)' in /home/ubuntu/workspace/Lab6/database.php:21
Stack trace:
#0 /home/ubuntu/workspace/Lab6/database.php(21): PDO->__construct('mysql:host=us-c...', 'root', 'cst336')
#1 /home/ubuntu/workspace/Lab6/index.php(9): getDatabaseConnection()
#2 /home/ubuntu/workspace/Lab6/index.php(67): loginProcess()
#3 {main}
  thrown in /home/ubuntu/workspace/Lab6/database.php on line 21
[05-Nov-2017 02:47:55 UTC] PHP Fatal error:  Uncaught exception 'PDOException' with message 'SQLSTATE[HY000] [1045] Access denied for user 'admin'@'ip-10-171-194-27.ec2.internal' (using password: YES)' in /home/ubuntu/workspace/Lab6/database.php:21
Stack trace:
#0 /home/ubuntu/workspace/Lab6/database.php(21): PDO->__construct('mysql:host=us-c...', 'admin', 'secret')
#1 /home/ubuntu/workspace/Lab6/admin.php(10): getDatabaseConnection()
#2 /home/ubuntu/workspace/Lab6/admin.php(63): userList()
#3 {main}
  thrown in /home/ubuntu/workspace/Lab6/database.php on line 21
[05-Nov-2017 02:47:58 UTC] PHP Fatal error:  Uncaught exception 'PDOException' with message 'SQLSTATE[HY000] [1045] Access denied for user 'admin'@'ip-10-44-181-66.ec2.internal' (using password: YES)' in /home/ubuntu/workspace/Lab6/database.php:21
Stack trace:
#0 /home/ubuntu/workspace/Lab6/database.php(21): PDO->__construct('mysql:host=us-c...', 'admin', 'secret')
#1 /home/ubuntu/workspace/Lab6/index.php(9): getDatabaseConnection()
#2 /home/ubuntu/workspace/Lab6/index.php(67): loginProcess()
#3 {main}
  thrown in /home/ubuntu/workspace/Lab6/database.php on line 21
[14-Nov-2017 06:20:22 UTC] PHP Warning:  Illegal string offset 'name' in /home/ubuntu/workspace/group/details.php on line 82
[14-Nov-2017 06:20:22 UTC] PHP Stack trace:
[14-Nov-2017 06:20:22 UTC] PHP   1. {main}() /home/ubuntu/workspace/group/details.php:0
[14-Nov-2017 06:20:22 UTC] PHP Warning:  Illegal string offset 'itemType' in /home/ubuntu/workspace/group/details.php on line 83
[14-Nov-2017 06:20:22 UTC] PHP Stack trace:
[14-Nov-2017 06:20:22 UTC] PHP   1. {main}() /home/ubuntu/workspace/group/details.php:0
[14-Nov-2017 06:20:22 UTC] PHP Warning:  Illegal string offset 'priceOfItem' in /home/ubuntu/workspace/group/details.php on line 84
[14-Nov-2017 06:20:22 UTC] PHP Stack trace:
[14-Nov-2017 06:20:22 UTC] PHP   1. {main}() /home/ubuntu/workspace/group/details.php:0
[14-Nov-2017 06:20:22 UTC] PHP Warning:  Illegal string offset 'itemStatus' in /home/ubuntu/workspace/group/details.php on line 85
[14-Nov-2017 06:20:22 UTC] PHP Stack trace:
[14-Nov-2017 06:20:22 UTC] PHP   1. {main}() /home/ubuntu/workspace/group/details.php:0
[14-Nov-2017 06:40:08 UTC] PHP Fatal error:  Cannot redeclare getDatabaseConnection() (previously declared in /home/ubuntu/workspace/group/information.php:3) in /home/ubuntu/workspace/group/information.php on line 3
[14-Nov-2017 06:40:08 UTC] PHP Stack trace:
[14-Nov-2017 06:40:08 UTC] PHP   1. {main}() /home/ubuntu/workspace/group/details.php:0
[14-Nov-2017 06:40:08 UTC] PHP   2. include() /home/ubuntu/workspace/group/details.php:75
[14-Nov-2017 06:41:03 UTC] PHP Fatal error:  Cannot redeclare getDatabaseConnection() (previously declared in /home/ubuntu/workspace/group/information.php:3) in /home/ubuntu/workspace/group/information.php on line 3
[14-Nov-2017 06:41:03 UTC] PHP Stack trace:
[14-Nov-2017 06:41:03 UTC] PHP   1. {main}() /home/ubuntu/workspace/group/details.php:0
[14-Nov-2017 06:41:03 UTC] PHP   2. include() /home/ubuntu/workspace/group/details.php:75
[14-Nov-2017 06:43:16 UTC] PHP Fatal error:  Cannot redeclare getDatabaseConnection() (previously declared in /home/ubuntu/workspace/group/information.php:3) in /home/ubuntu/workspace/group/information.php on line 3
[14-Nov-2017 06:43:16 UTC] PHP Stack trace:
[14-Nov-2017 06:43:16 UTC] PHP   1. {main}() /home/ubuntu/workspace/group/details.php:0
[14-Nov-2017 06:43:16 UTC] PHP   2. include() /home/ubuntu/workspace/group/details.php:75
[14-Nov-2017 06:44:51 UTC] PHP Warning:  Invalid argument supplied for foreach() in /home/ubuntu/workspace/group/details.php on line 81
[14-Nov-2017 06:44:51 UTC] PHP Stack trace:
[14-Nov-2017 06:44:51 UTC] PHP   1. {main}() /home/ubuntu/workspace/group/details.php:0
[14-Nov-2017 07:31:38 UTC] PHP Fatal error:  Cannot use object of type PDOStatement as array in /home/ubuntu/workspace/group/details.php on line 80
[14-Nov-2017 07:31:38 UTC] PHP Stack trace:
[14-Nov-2017 07:31:38 UTC] PHP   1. {main}() /home/ubuntu/workspace/group/details.php:0
[14-Nov-2017 07:32:59 UTC] PHP Fatal error:  Cannot use object of type PDOStatement as array in /home/ubuntu/workspace/group/details.php on line 80
[14-Nov-2017 07:32:59 UTC] PHP Stack trace:
[14-Nov-2017 07:32:59 UTC] PHP   1. {main}() /home/ubuntu/workspace/group/details.php:0
[14-Nov-2017 07:33:05 UTC] PHP Fatal error:  Cannot use object of type PDOStatement as array in /home/ubuntu/workspace/group/details.php on line 80
[14-Nov-2017 07:33:05 UTC] PHP Stack trace:
[14-Nov-2017 07:33:05 UTC] PHP   1. {main}() /home/ubuntu/workspace/group/details.php:0
[14-Nov-2017 08:17:12 UTC] PHP Fatal error:  Call to a member function execute() on a non-object in /home/ubuntu/workspace/group/functions.php on line 69
[14-Nov-2017 08:17:12 UTC] PHP Stack trace:
[14-Nov-2017 08:17:12 UTC] PHP   1. {main}() /home/ubuntu/workspace/group/details.php:0
[14-Nov-2017 08:17:12 UTC] PHP   2. displayDetails() /home/ubuntu/workspace/group/details.php:80
[14-Nov-2017 08:17:58 UTC] PHP Fatal error:  Call to a member function execute() on a non-object in /home/ubuntu/workspace/group/functions.php on line 69
[14-Nov-2017 08:17:58 UTC] PHP Stack trace:
[14-Nov-2017 08:17:58 UTC] PHP   1. {main}() /home/ubuntu/workspace/group/details.php:0
[14-Nov-2017 08:17:58 UTC] PHP   2. displayDetails() /home/ubuntu/workspace/group/details.php:80
[14-Nov-2017 08:18:01 UTC] PHP Fatal error:  Call to a member function execute() on a non-object in /home/ubuntu/workspace/group/functions.php on line 69
[14-Nov-2017 08:18:01 UTC] PHP Stack trace:
[14-Nov-2017 08:18:01 UTC] PHP   1. {main}() /home/ubuntu/workspace/group/details.php:0
[14-Nov-2017 08:18:01 UTC] PHP   2. displayDetails() /home/ubuntu/workspace/group/details.php:80
[14-Nov-2017 08:20:04 UTC] PHP Fatal error:  Call to a member function execute() on a non-object in /home/ubuntu/workspace/group/functions.php on line 73
[14-Nov-2017 08:20:04 UTC] PHP Stack trace:
[14-Nov-2017 08:20:04 UTC] PHP   1. {main}() /home/ubuntu/workspace/group/details.php:0
[14-Nov-2017 08:20:04 UTC] PHP   2. displayDetails() /home/ubuntu/workspace/group/details.php:80
[14-Nov-2017 08:20:39 UTC] PHP Fatal error:  Call to a member function execute() on a non-object in /home/ubuntu/workspace/group/functions.php on line 73
[14-Nov-2017 08:20:39 UTC] PHP Stack trace:
[14-Nov-2017 08:20:39 UTC] PHP   1. {main}() /home/ubuntu/workspace/group/details.php:0
[14-Nov-2017 08:20:39 UTC] PHP   2. displayDetails() /home/ubuntu/workspace/group/details.php:80
[14-Nov-2017 08:20:46 UTC] PHP Fatal error:  Call to a member function execute() on a non-object in /home/ubuntu/workspace/group/functions.php on line 73
[14-Nov-2017 08:20:46 UTC] PHP Stack trace:
[14-Nov-2017 08:20:46 UTC] PHP   1. {main}() /home/ubuntu/workspace/group/details.php:0
[14-Nov-2017 08:20:46 UTC] PHP   2. displayDetails() /home/ubuntu/workspace/group/details.php:80
[14-Nov-2017 08:21:02 UTC] PHP Fatal error:  Call to a member function execute() on a non-object in /home/ubuntu/workspace/group/functions.php on line 73
[14-Nov-2017 08:21:02 UTC] PHP Stack trace:
[14-Nov-2017 08:21:02 UTC] PHP   1. {main}() /home/ubuntu/workspace/group/details.php:0
[14-Nov-2017 08:21:02 UTC] PHP   2. displayDetails() /home/ubuntu/workspace/group/details.php:80
[14-Nov-2017 08:23:38 UTC] PHP Fatal error:  Call to a member function execute() on a non-object in /home/ubuntu/workspace/group/functions.php on line 73
[14-Nov-2017 08:23:38 UTC] PHP Stack trace:
[14-Nov-2017 08:23:38 UTC] PHP   1. {main}() /home/ubuntu/workspace/group/details.php:0
[14-Nov-2017 08:23:38 UTC] PHP   2. displayDetails() /home/ubuntu/workspace/group/details.php:80
[14-Nov-2017 08:26:55 UTC] PHP Fatal error:  Call to a member function execute() on a non-object in /home/ubuntu/workspace/group/functions.php on line 73
[14-Nov-2017 08:26:55 UTC] PHP Stack trace:
[14-Nov-2017 08:26:55 UTC] PHP   1. {main}() /home/ubuntu/workspace/group/details.php:0
[14-Nov-2017 08:26:55 UTC] PHP   2. displayDetails() /home/ubuntu/workspace/group/details.php:80
[14-Nov-2017 08:29:20 UTC] PHP Fatal error:  Call to a member function execute() on a non-object in /home/ubuntu/workspace/group/functions.php on line 73
[14-Nov-2017 08:29:20 UTC] PHP Stack trace:
[14-Nov-2017 08:29:20 UTC] PHP   1. {main}() /home/ubuntu/workspace/group/details.php:0
[14-Nov-2017 08:29:20 UTC] PHP   2. displayDetails() /home/ubuntu/workspace/group/details.php:80
